2023-05-29 09:42:41[ INFO ]>>queryUserList用户列表查询测试成功
2023-05-29 09:47:01[ INFO ]>>delete用户删除测试成功
2023-05-29 09:48:04[ INFO ]>>insert用户插入测试成功
2023-05-29 09:48:25[ INFO ]>>selectUserInfo用户登录测试成功
2023-06-01 11:20:58[ INFO ]>>Update用户更新测试成功

2023-06-01 11:24:36[ INFO ]>>insert项目插入测试成功
2023-06-01 11:25:05[ INFO ]>>queryProjectList项目列表查询测试成功
2023-06-01 11:26:24[ INFO ]>>delete项目删除测试成功
2023-06-01 11:27:07[ INFO ]>>Update项目更新测试成功

2023-06-20 10:40:30[ INFO ]>>登录测试成功
2023-06-20 10:40:31[ INFO ]>>创建项目测试成功
2023-06-20 10:40:33[ INFO ]>>创建问卷测试成功
2023-06-20 10:40:33[ INFO ]>>设计问卷测试成功

2023-06-25 10:43:11[ INFO ]>>登录测试成功
2023-06-25 10:43:12[ INFO ]>>创建项目测试成功
2023-06-25 10:45:14[ INFO ]>>登录测试成功
2023-06-25 10:45:15[ INFO ]>>创建项目测试成功
2023-06-25 10:47:18[ INFO ]>>登录测试成功
2023-06-25 10:47:19[ INFO ]>>创建项目测试成功
2023-06-25 10:55:36[ INFO ]>>登录测试成功
2023-06-25 10:55:37[ INFO ]>>创建项目测试成功
2023-06-25 11:02:30[ INFO ]>>登录测试成功
2023-06-25 11:02:31[ INFO ]>>创建项目测试成功
2023-06-25 11:04:19[ INFO ]>>登录测试成功
2023-06-25 11:04:21[ INFO ]>>创建项目测试成功
2023-06-25 11:05:51[ INFO ]>>登录测试成功
2023-06-25 11:05:53[ INFO ]>>创建项目测试成功
2023-06-25 11:06:32[ INFO ]>>登录测试成功
2023-06-25 11:06:33[ INFO ]>>创建项目测试成功
2023-06-25 11:09:27[ INFO ]>>登录测试成功
2023-06-25 11:09:29[ INFO ]>>创建项目测试成功
2023-06-25 11:14:48[ INFO ]>>登录测试成功
2023-06-25 11:14:49[ INFO ]>>创建项目测试成功
2023-06-25 11:16:42[ INFO ]>>登录测试成功
2023-06-25 11:16:43[ INFO ]>>创建项目测试成功
2023-06-25 11:18:45[ INFO ]>>登录测试成功
2023-06-25 11:18:46[ INFO ]>>创建项目测试成功
2023-06-25 11:18:49[ INFO ]>>创建问卷测试成功
2023-06-25 11:18:50[ INFO ]>>设计问卷测试成功
2023-06-25 11:31:42[ INFO ]>>登录测试成功
2023-06-25 11:31:43[ INFO ]>>创建项目测试成功
2023-06-25 11:33:23[ INFO ]>>登录测试成功
2023-06-25 11:33:24[ INFO ]>>创建项目测试成功
2023-06-25 11:33:27[ INFO ]>>创建问卷测试成功
2023-06-25 11:33:27[ INFO ]>>设计问卷测试成功
2023-07-10 18:31:22[ INFO ]>>登录测试成功
2023-07-10 18:32:17[ INFO ]>>登录测试成功
2023-07-10 18:33:57[ INFO ]>>登录测试成功
2023-07-10 18:33:58[ INFO ]>>创建项目测试成功
2023-07-10 18:34:01[ INFO ]>>创建问卷测试成功
2023-07-10 18:34:02[ INFO ]>>设计问卷测试成功
